\BOOKMARK [0][-]{chapter.1}{Introduction}{}% 1
\BOOKMARK [1][-]{section.1.1}{Objet}{chapter.1}% 2
\BOOKMARK [1][-]{section.1.2}{Port\351e}{chapter.1}% 3
\BOOKMARK [0][-]{chapter.2}{Description g\351n\351rale}{}% 4
\BOOKMARK [1][-]{section.2.1}{Caract\351ristique des acteurs}{chapter.2}% 5
\BOOKMARK [1][-]{section.2.2}{Environnement}{chapter.2}% 6
\BOOKMARK [2][-]{subsection.2.2.1}{Architecture mat\351rielle et logicielle}{section.2.2}% 7
\BOOKMARK [2][-]{subsection.2.2.2}{Interface du syst\350me}{section.2.2}% 8
\BOOKMARK [2][-]{subsection.2.2.3}{Les interfaces avec les utilisateurs}{section.2.2}% 9
\BOOKMARK [0][-]{chapter.3}{Contexte logique}{}% 10
\BOOKMARK [1][-]{section.3.1}{Interface logique avec l'agent de maintenance}{chapter.3}% 11
\BOOKMARK [2][-]{subsection.3.1.1}{En provenance de l'agent de maintenance vers le SaE}{section.3.1}% 12
\BOOKMARK [2][-]{subsection.3.1.2}{En provenance du SaE vers l'agent de maintenance}{section.3.1}% 13
\BOOKMARK [1][-]{section.3.2}{Interface logique avec le syst\350me d'information}{chapter.3}% 14
\BOOKMARK [2][-]{subsection.3.2.1}{En provenance du syst\350me d'information vers le SaE}{section.3.2}% 15
\BOOKMARK [2][-]{subsection.3.2.2}{En provenance du SaE vers l'agent de maintenance}{section.3.2}% 16
\BOOKMARK [1][-]{section.3.3}{Inferface logique avec l'utilisateur}{chapter.3}% 17
\BOOKMARK [2][-]{subsection.3.3.1}{En provenance de l'utilisateur vers le SaE}{section.3.3}% 18
\BOOKMARK [2][-]{subsection.3.3.2}{En provenance du SaE vers l'utilisateur}{section.3.3}% 19
\BOOKMARK [1][-]{section.3.4}{Interface logique avec un objet connect\351}{chapter.3}% 20
\BOOKMARK [2][-]{subsection.3.4.1}{En provenance de l'objet connect\351 vers le SaE}{section.3.4}% 21
\BOOKMARK [2][-]{subsection.3.4.2}{En provenance du SaE vers l'objet connect\351}{section.3.4}% 22
\BOOKMARK [0][-]{chapter.4}{Cas d'utilisation}{}% 23
\BOOKMARK [1][-]{section.4.1}{Conventions cas d'utilisation}{chapter.4}% 24
\BOOKMARK [1][-]{section.4.2}{Cas d'utilisation Contr\364ler la Consommation}{chapter.4}% 25
\BOOKMARK [1][-]{section.4.3}{Cas d'utilisation Modification Automatique d'un Sc\351nario}{chapter.4}% 26
\BOOKMARK [0][-]{chapter.5}{IHMs logiques}{}% 27
\BOOKMARK [1][-]{section.5.1}{Accueil}{chapter.5}% 28
\BOOKMARK [1][-]{section.5.2}{Choix objet}{chapter.5}% 29
\BOOKMARK [1][-]{section.5.3}{Ajout Objet}{chapter.5}% 30
\BOOKMARK [1][-]{section.5.4}{Identification}{chapter.5}% 31
\BOOKMARK [1][-]{section.5.5}{Modification profil objet}{chapter.5}% 32
\BOOKMARK [1][-]{section.5.6}{Objet profil}{chapter.5}% 33
\BOOKMARK [1][-]{section.5.7}{Consommation}{chapter.5}% 34
\BOOKMARK [1][-]{section.5.8}{Semaine}{chapter.5}% 35
\BOOKMARK [1][-]{section.5.9}{Mois}{chapter.5}% 36
\BOOKMARK [1][-]{section.5.10}{Jours}{chapter.5}% 37
\BOOKMARK [0][-]{chapter.6}{Dictionnaire domaine}{}% 38
